<?xml version="1.0" encoding="UTF-8"?>
<!-- Generated by org.testng.reporters.JUnitReportReporter -->
<testsuite hostname="MAKSYM" failures="0" tests="2" name="pl.put.poznan.logic.FloorTest" time="0.015" errors="0" timestamp="2022-12-21T21:03:03 CET" skipped="0">
  <testcase classname="pl.put.poznan.logic.FloorTest" name="sumArea" time="0.015"/>
  <system-out/>
  <testcase classname="pl.put.poznan.logic.FloorTest" name="sumCube" time="0.000"/>
  <system-out/>
</testsuite> <!-- pl.put.poznan.logic.FloorTest -->
