<?xml version="1.0" encoding="UTF-8"?>
<!-- Generated by org.testng.reporters.JUnitReportReporter -->
<testsuite hostname="WINDELL-6248VUH" failures="0" tests="2" name="pl.put.poznan.logic.FloorTest" time="0.004" errors="0" timestamp="2022-12-21T23:14:27 CET" skipped="0">
  <testcase classname="pl.put.poznan.logic.FloorTest" name="sumArea" time="0.003"/>
  <system-out/>
  <testcase classname="pl.put.poznan.logic.FloorTest" name="sumCube" time="0.001"/>
  <system-out/>
</testsuite> <!-- pl.put.poznan.logic.FloorTest -->
